[debug] [2021-04-07T09:15:27.367Z] ----------------------------------------------------------------------
[debug] [2021-04-07T09:15:27.369Z] Command:       /usr/local/bin/node /usr/local/bin/firebase emulators:start
[debug] [2021-04-07T09:15:27.369Z] CLI Version:   9.9.0
[debug] [2021-04-07T09:15:27.369Z] Platform:      linux
[debug] [2021-04-07T09:15:27.370Z] Node Version:  v14.2.0
[debug] [2021-04-07T09:15:27.370Z] Time:          Wed Apr 07 2021 11:15:27 GMT+0200 (Central European Summer Time)
[debug] [2021-04-07T09:15:27.370Z] ----------------------------------------------------------------------
[debug] 
[debug] [2021-04-07T09:15:27.377Z] > command requires scopes: ["email","openid","https://www.googleapis.com/auth/cloudplatformprojects.readonly","https://www.googleapis.com/auth/firebase","https://www.googleapis.com/auth/cloud-platform"]
[debug] [2021-04-07T09:15:27.377Z] > authorizing via signed-in user (fibroeli@gmail.com)
[info] i  emulators: Starting emulators: functions, firestore, hosting {"metadata":{"emulator":{"name":"hub"},"message":"Starting emulators: functions, firestore, hosting"}}
[debug] [2021-04-07T09:15:27.510Z] [hub] writing locator at /tmp/hub-fibrotrainer.json
[warn] ⚠  hosting: The hosting emulator is configured but there is no hosting configuration. Have you run firebase init hosting? {"metadata":{"emulator":{"name":"hosting"},"message":"The hosting emulator is configured but there is no hosting configuration. Have you run \u001b[1mfirebase init hosting\u001b[22m?"}}
[warn] ⚠  functions: The following emulators are not running, calls to these services from the Functions emulator will affect production: auth, database, hosting, pubsub {"metadata":{"emulator":{"name":"functions"},"message":"The following emulators are not running, calls to these services from the Functions emulator will affect production: \u001b[1mauth, database, hosting, pubsub\u001b[22m"}}
[info] ✔  functions: Using node@14 from host. {"metadata":{"emulator":{"name":"functions"},"message":"Using node@14 from host."}}
[debug] [2021-04-07T09:15:27.616Z] defaultcredentials: writing to file /home/yashar/.config/firebase/fibroeli_gmail_com_application_default_credentials.json
[debug] [2021-04-07T09:15:27.628Z] Setting GAC to /home/yashar/.config/firebase/fibroeli_gmail_com_application_default_credentials.json {"metadata":{"emulator":{"name":"functions"},"message":"Setting GAC to /home/yashar/.config/firebase/fibroeli_gmail_com_application_default_credentials.json"}}
[debug] [2021-04-07T09:15:27.631Z] >>> [apiv2][query] GET https://firebase.googleapis.com/v1beta1/projects/fibrotrainer/adminSdkConfig [none]
[debug] [2021-04-07T09:15:28.027Z] <<< [apiv2][status] GET https://firebase.googleapis.com/v1beta1/projects/fibrotrainer/adminSdkConfig 200
[debug] [2021-04-07T09:15:28.029Z] <<< [apiv2][body] GET https://firebase.googleapis.com/v1beta1/projects/fibrotrainer/adminSdkConfig {"projectId":"fibrotrainer","storageBucket":"fibrotrainer.appspot.com","locationId":"europe-west"}
[debug] [2021-04-07T09:15:28.054Z] Ignoring unsupported arg: projectId {"metadata":{"emulator":{"name":"firestore"},"message":"Ignoring unsupported arg: projectId"}}
[debug] [2021-04-07T09:15:28.056Z] Ignoring unsupported arg: auto_download {"metadata":{"emulator":{"name":"firestore"},"message":"Ignoring unsupported arg: auto_download"}}
[debug] [2021-04-07T09:15:28.056Z] Starting Firestore Emulator with command {"binary":"java","args":["-Dgoogle.cloud_firestore.debug_log_level=FINE","-Duser.language=en","-jar","/home/yashar/.cache/firebase/emulators/cloud-firestore-emulator-v1.11.14.jar","--host","localhost","--port",8080,"--rules","/home/yashar/solutions/fibroTrainer/firestore.rules","--functions_emulator","localhost:5001"],"optionalArgs":["port","webchannel_port","host","rules","functions_emulator","seed_from_export"],"joinArgs":false} {"metadata":{"emulator":{"name":"firestore"},"message":"Starting Firestore Emulator with command {\"binary\":\"java\",\"args\":[\"-Dgoogle.cloud_firestore.debug_log_level=FINE\",\"-Duser.language=en\",\"-jar\",\"/home/yashar/.cache/firebase/emulators/cloud-firestore-emulator-v1.11.14.jar\",\"--host\",\"localhost\",\"--port\",8080,\"--rules\",\"/home/yashar/solutions/fibroTrainer/firestore.rules\",\"--functions_emulator\",\"localhost:5001\"],\"optionalArgs\":[\"port\",\"webchannel_port\",\"host\",\"rules\",\"functions_emulator\",\"seed_from_export\"],\"joinArgs\":false}"}}
[info] i  firestore: Firestore Emulator logging to firestore-debug.log {"metadata":{"emulator":{"name":"firestore"},"message":"Firestore Emulator logging to \u001b[1mfirestore-debug.log\u001b[22m"}}
[debug] [2021-04-07T09:15:30.811Z] Apr 07, 2021 11:15:30 AM com.google.cloud.datastore.emulator.firestore.websocket.WebSocketServer start
INFO: Started WebSocket server on ws://localhost:46525
 {"metadata":{"emulator":{"name":"firestore"},"message":"Apr 07, 2021 11:15:30 AM com.google.cloud.datastore.emulator.firestore.websocket.WebSocketServer start\nINFO: Started WebSocket server on ws://localhost:46525\n"}}
[debug] [2021-04-07T09:15:30.859Z] API endpoint: http:// {"metadata":{"emulator":{"name":"firestore"},"message":"API endpoint: http://"}}
[debug] [2021-04-07T09:15:30.862Z] localhost {"metadata":{"emulator":{"name":"firestore"},"message":"localhost"}}
[debug] [2021-04-07T09:15:30.864Z] : {"metadata":{"emulator":{"name":"firestore"},"message":":"}}
[debug] [2021-04-07T09:15:30.864Z] 8080 {"metadata":{"emulator":{"name":"firestore"},"message":"8080"}}
[debug] [2021-04-07T09:15:30.865Z] 
 {"metadata":{"emulator":{"name":"firestore"},"message":"\n"}}
[debug] [2021-04-07T09:15:30.865Z] If you are using a library that supports the FIRESTORE_EMULATOR_HOST environment variable, run: {"metadata":{"emulator":{"name":"firestore"},"message":"If you are using a library that supports the FIRESTORE_EMULATOR_HOST environment variable, run:"}}
[debug] [2021-04-07T09:15:30.866Z] 

   export FIRESTORE_EMULATOR_HOST=localhost:8080

Dev App Server is now running.

 {"metadata":{"emulator":{"name":"firestore"},"message":"\n\n   export FIRESTORE_EMULATOR_HOST=localhost:8080\n\nDev App Server is now running.\n\n"}}
[warn] ⚠  hosting: The hosting emulator is configured but there is no hosting configuration. Have you run firebase init hosting? {"metadata":{"emulator":{"name":"hosting"},"message":"The hosting emulator is configured but there is no hosting configuration. Have you run \u001b[1mfirebase init hosting\u001b[22m?"}}
[debug] [2021-04-07T09:15:31.119Z] Ignoring unsupported arg: auto_download {"metadata":{"emulator":{"name":"ui"},"message":"Ignoring unsupported arg: auto_download"}}
[debug] [2021-04-07T09:15:31.127Z] Ignoring unsupported arg: port {"metadata":{"emulator":{"name":"ui"},"message":"Ignoring unsupported arg: port"}}
[debug] [2021-04-07T09:15:31.127Z] Starting Emulator UI with command {"binary":"node","args":["/home/yashar/.cache/firebase/emulators/ui-v1.4.2/server.bundle.js"],"optionalArgs":[],"joinArgs":false} {"metadata":{"emulator":{"name":"ui"},"message":"Starting Emulator UI with command {\"binary\":\"node\",\"args\":[\"/home/yashar/.cache/firebase/emulators/ui-v1.4.2/server.bundle.js\"],\"optionalArgs\":[],\"joinArgs\":false}"}}
[info] i  ui: Emulator UI logging to ui-debug.log {"metadata":{"emulator":{"name":"ui"},"message":"Emulator UI logging to \u001b[1mui-debug.log\u001b[22m"}}
[debug] [2021-04-07T09:15:31.414Z] Web / API server started at http://localhost:4000
 {"metadata":{"emulator":{"name":"ui"},"message":"Web / API server started at http://localhost:4000\n"}}
[info] i  functions: Watching "/home/yashar/solutions/fibroTrainer/functions" for Cloud Functions... {"metadata":{"emulator":{"name":"functions"},"message":"Watching \"/home/yashar/solutions/fibroTrainer/functions\" for Cloud Functions..."}}
[debug] [2021-04-07T09:15:31.710Z] [worker-pool] addWorker(~diagnostic~) {"metadata":{"emulator":{"name":"functions"},"message":"[worker-pool] addWorker(~diagnostic~)"}}
[debug] [2021-04-07T09:15:31.710Z] [worker-pool] Adding worker with key ~diagnostic~, total=1 {"metadata":{"emulator":{"name":"functions"},"message":"[worker-pool] Adding worker with key ~diagnostic~, total=1"}}
[debug] [2021-04-07T09:15:31.710Z] [worker-pool] submitWork(triggerId=) {"metadata":{"emulator":{"name":"functions"},"message":"[worker-pool] submitWork(triggerId=)"}}
[debug] [2021-04-07T09:15:31.711Z] [worker-~diagnostic~-fddea493-38fb-4858-889f-1d82e88da8d8]: Assigning socketPath: /tmp/fire_emu_10333.sock {"metadata":{"emulator":{"name":"functions"},"message":"[worker-~diagnostic~-fddea493-38fb-4858-889f-1d82e88da8d8]: Assigning socketPath: /tmp/fire_emu_10333.sock"}}
[debug] [2021-04-07T09:15:31.711Z] [worker-~diagnostic~-fddea493-38fb-4858-889f-1d82e88da8d8]: BUSY {"metadata":{"emulator":{"name":"functions"},"message":"[worker-~diagnostic~-fddea493-38fb-4858-889f-1d82e88da8d8]: BUSY"}}
[debug] [2021-04-07T09:15:32.050Z] [runtime-status] [10333] Functions runtime initialized. {"cwd":"/home/yashar/solutions/fibroTrainer/functions","node_version":"14.2.0"} {"metadata":{"emulator":{"name":"functions"},"message":"[runtime-status] [10333] Functions runtime initialized. {\"cwd\":\"/home/yashar/solutions/fibroTrainer/functions\",\"node_version\":\"14.2.0\"}"}}
[debug] [2021-04-07T09:15:32.055Z] [runtime-status] [10333] Disabled runtime features: undefined {"metadata":{"emulator":{"name":"functions"},"message":"[runtime-status] [10333] Disabled runtime features: undefined"}}
[debug] [2021-04-07T09:15:32.059Z] [runtime-status] [10333] Resolved module firebase-admin {"declared":true,"installed":true,"version":"9.6.0","resolution":"/home/yashar/solutions/fibroTrainer/functions/node_modules/firebase-admin/lib/index.js"} {"metadata":{"emulator":{"name":"functions"},"message":"[runtime-status] [10333] Resolved module firebase-admin {\"declared\":true,\"installed\":true,\"version\":\"9.6.0\",\"resolution\":\"/home/yashar/solutions/fibroTrainer/functions/node_modules/firebase-admin/lib/index.js\"}"}}
[debug] [2021-04-07T09:15:32.062Z] [runtime-status] [10333] Resolved module firebase-functions {"declared":true,"installed":true,"version":"3.13.2","resolution":"/home/yashar/solutions/fibroTrainer/functions/node_modules/firebase-functions/lib/index.js"} {"metadata":{"emulator":{"name":"functions"},"message":"[runtime-status] [10333] Resolved module firebase-functions {\"declared\":true,\"installed\":true,\"version\":\"3.13.2\",\"resolution\":\"/home/yashar/solutions/fibroTrainer/functions/node_modules/firebase-functions/lib/index.js\"}"}}
[debug] [2021-04-07T09:15:32.066Z] [runtime-status] [10333] Resolved module firebase-functions {"declared":true,"installed":true,"version":"3.13.2","resolution":"/home/yashar/solutions/fibroTrainer/functions/node_modules/firebase-functions/lib/index.js"} {"metadata":{"emulator":{"name":"functions"},"message":"[runtime-status] [10333] Resolved module firebase-functions {\"declared\":true,\"installed\":true,\"version\":\"3.13.2\",\"resolution\":\"/home/yashar/solutions/fibroTrainer/functions/node_modules/firebase-functions/lib/index.js\"}"}}
[debug] [2021-04-07T09:15:32.070Z] [runtime-status] [10333] Outgoing network have been stubbed. [{"name":"http","status":"mocked"},{"name":"http","status":"mocked"},{"name":"https","status":"mocked"},{"name":"https","status":"mocked"},{"name":"net","status":"mocked"}] {"metadata":{"emulator":{"name":"functions"},"message":"[runtime-status] [10333] Outgoing network have been stubbed. [{\"name\":\"http\",\"status\":\"mocked\"},{\"name\":\"http\",\"status\":\"mocked\"},{\"name\":\"https\",\"status\":\"mocked\"},{\"name\":\"https\",\"status\":\"mocked\"},{\"name\":\"net\",\"status\":\"mocked\"}]"}}
[debug] [2021-04-07T09:15:32.076Z] [runtime-status] [10333] Resolved module firebase-functions {"declared":true,"installed":true,"version":"3.13.2","resolution":"/home/yashar/solutions/fibroTrainer/functions/node_modules/firebase-functions/lib/index.js"} {"metadata":{"emulator":{"name":"functions"},"message":"[runtime-status] [10333] Resolved module firebase-functions {\"declared\":true,\"installed\":true,\"version\":\"3.13.2\",\"resolution\":\"/home/yashar/solutions/fibroTrainer/functions/node_modules/firebase-functions/lib/index.js\"}"}}
[debug] [2021-04-07T09:15:32.118Z] [runtime-status] [10333] Checked functions.config() {"config":{}} {"metadata":{"emulator":{"name":"functions"},"message":"[runtime-status] [10333] Checked functions.config() {\"config\":{}}"}}
[debug] [2021-04-07T09:15:32.121Z] [runtime-status] [10333] firebase-functions has been stubbed. {"functionsResolution":{"declared":true,"installed":true,"version":"3.13.2","resolution":"/home/yashar/solutions/fibroTrainer/functions/node_modules/firebase-functions/lib/index.js"}} {"metadata":{"emulator":{"name":"functions"},"message":"[runtime-status] [10333] firebase-functions has been stubbed. {\"functionsResolution\":{\"declared\":true,\"installed\":true,\"version\":\"3.13.2\",\"resolution\":\"/home/yashar/solutions/fibroTrainer/functions/node_modules/firebase-functions/lib/index.js\"}}"}}
[debug] [2021-04-07T09:15:32.124Z] [runtime-status] [10333] Resolved module firebase-functions {"declared":true,"installed":true,"version":"3.13.2","resolution":"/home/yashar/solutions/fibroTrainer/functions/node_modules/firebase-functions/lib/index.js"} {"metadata":{"emulator":{"name":"functions"},"message":"[runtime-status] [10333] Resolved module firebase-functions {\"declared\":true,\"installed\":true,\"version\":\"3.13.2\",\"resolution\":\"/home/yashar/solutions/fibroTrainer/functions/node_modules/firebase-functions/lib/index.js\"}"}}
[debug] [2021-04-07T09:15:32.128Z] [runtime-status] [10333] Resolved module firebase-admin {"declared":true,"installed":true,"version":"9.6.0","resolution":"/home/yashar/solutions/fibroTrainer/functions/node_modules/firebase-admin/lib/index.js"} {"metadata":{"emulator":{"name":"functions"},"message":"[runtime-status] [10333] Resolved module firebase-admin {\"declared\":true,\"installed\":true,\"version\":\"9.6.0\",\"resolution\":\"/home/yashar/solutions/fibroTrainer/functions/node_modules/firebase-admin/lib/index.js\"}"}}
[debug] [2021-04-07T09:15:32.129Z] [runtime-status] [10333] Resolved module firebase-functions {"declared":true,"installed":true,"version":"3.13.2","resolution":"/home/yashar/solutions/fibroTrainer/functions/node_modules/firebase-functions/lib/index.js"} {"metadata":{"emulator":{"name":"functions"},"message":"[runtime-status] [10333] Resolved module firebase-functions {\"declared\":true,\"installed\":true,\"version\":\"3.13.2\",\"resolution\":\"/home/yashar/solutions/fibroTrainer/functions/node_modules/firebase-functions/lib/index.js\"}"}}
[debug] [2021-04-07T09:15:32.129Z] [runtime-status] [10333] firebase-admin has been stubbed. {"adminResolution":{"declared":true,"installed":true,"version":"9.6.0","resolution":"/home/yashar/solutions/fibroTrainer/functions/node_modules/firebase-admin/lib/index.js"}} {"metadata":{"emulator":{"name":"functions"},"message":"[runtime-status] [10333] firebase-admin has been stubbed. {\"adminResolution\":{\"declared\":true,\"installed\":true,\"version\":\"9.6.0\",\"resolution\":\"/home/yashar/solutions/fibroTrainer/functions/node_modules/firebase-admin/lib/index.js\"}}"}}
[debug] [2021-04-07T09:15:32.134Z] [worker-~diagnostic~-fddea493-38fb-4858-889f-1d82e88da8d8]: IDLE {"metadata":{"emulator":{"name":"functions"},"message":"[worker-~diagnostic~-fddea493-38fb-4858-889f-1d82e88da8d8]: IDLE"}}
[info] ✔  functions[helloWorld]: http function initialized (http://localhost:5001/fibrotrainer/us-central1/helloWorld). {"metadata":{"emulator":{"name":"functions"},"message":"\u001b[1mhttp\u001b[22m function initialized (http://localhost:5001/fibrotrainer/us-central1/helloWorld)."}}
[info] 
┌─────────────────────────────────────────────────────────────┐
│ ✔  All emulators ready! It is now safe to connect your app. │
│ i  View Emulator UI at http://localhost:4000                │
└─────────────────────────────────────────────────────────────┘

┌───────────┬──────────────────────────────────┬─────────────────────────────────┐
│ Emulator  │ Host:Port                        │ View in Emulator UI             │
├───────────┼──────────────────────────────────┼─────────────────────────────────┤
│ Functions │ localhost:5001                   │ http://localhost:4000/functions │
├───────────┼──────────────────────────────────┼─────────────────────────────────┤
│ Firestore │ localhost:8080                   │ http://localhost:4000/firestore │
├───────────┼──────────────────────────────────┼─────────────────────────────────┤
│ Hosting   │ Failed to initialize (see above) │                                 │
└───────────┴──────────────────────────────────┴─────────────────────────────────┘
  Emulator Hub running at localhost:4400
  Other reserved ports: 4500

Issues? Report them at https://github.com/firebase/firebase-tools/issues and attach the *-debug.log files.
 
[debug] [2021-04-07T09:15:35.902Z] [work-queue] {"queueLength":1,"workRunningCount":0}
[debug] [2021-04-07T09:15:35.904Z] [work-queue] {"queueLength":0,"workRunningCount":1}
[debug] [2021-04-07T09:15:35.905Z] Accepted request GET /fibrotrainer/us-central1/helloWorld --> helloWorld
[debug] [2021-04-07T09:15:35.911Z] [worker-pool] addWorker(helloWorld) {"metadata":{"emulator":{"name":"functions"},"message":"[worker-pool] addWorker(helloWorld)"}}
[debug] [2021-04-07T09:15:35.911Z] [worker-pool] Adding worker with key helloWorld, total=1 {"metadata":{"emulator":{"name":"functions"},"message":"[worker-pool] Adding worker with key helloWorld, total=1"}}
[debug] [2021-04-07T09:15:35.912Z] [worker-pool] submitWork(triggerId=helloWorld) {"metadata":{"emulator":{"name":"functions"},"message":"[worker-pool] submitWork(triggerId=helloWorld)"}}
[debug] [2021-04-07T09:15:35.912Z] [worker-helloWorld-a6dd42a1-1acc-413e-b045-50e324c72b88]: Assigning socketPath: /tmp/fire_emu_10341.sock {"metadata":{"emulator":{"name":"functions"},"message":"[worker-helloWorld-a6dd42a1-1acc-413e-b045-50e324c72b88]: Assigning socketPath: /tmp/fire_emu_10341.sock"}}
[debug] [2021-04-07T09:15:35.912Z] [worker-helloWorld-a6dd42a1-1acc-413e-b045-50e324c72b88]: BUSY {"metadata":{"emulator":{"name":"functions"},"message":"[worker-helloWorld-a6dd42a1-1acc-413e-b045-50e324c72b88]: BUSY"}}
[debug] [2021-04-07T09:15:36.203Z] [runtime-status] [10341] Functions runtime initialized. {"cwd":"/home/yashar/solutions/fibroTrainer/functions","node_version":"14.2.0"} {"metadata":{"emulator":{"name":"functions"},"function":{"name":"helloWorld"},"message":"[runtime-status] [10341] Functions runtime initialized. {\"cwd\":\"/home/yashar/solutions/fibroTrainer/functions\",\"node_version\":\"14.2.0\"}"}}
[debug] [2021-04-07T09:15:36.212Z] [runtime-status] [10341] Disabled runtime features: undefined {"metadata":{"emulator":{"name":"functions"},"function":{"name":"helloWorld"},"message":"[runtime-status] [10341] Disabled runtime features: undefined"}}
[debug] [2021-04-07T09:15:36.216Z] [runtime-status] [10341] Resolved module firebase-admin {"declared":true,"installed":true,"version":"9.6.0","resolution":"/home/yashar/solutions/fibroTrainer/functions/node_modules/firebase-admin/lib/index.js"} {"metadata":{"emulator":{"name":"functions"},"function":{"name":"helloWorld"},"message":"[runtime-status] [10341] Resolved module firebase-admin {\"declared\":true,\"installed\":true,\"version\":\"9.6.0\",\"resolution\":\"/home/yashar/solutions/fibroTrainer/functions/node_modules/firebase-admin/lib/index.js\"}"}}
[debug] [2021-04-07T09:15:36.219Z] [runtime-status] [10341] Resolved module firebase-functions {"declared":true,"installed":true,"version":"3.13.2","resolution":"/home/yashar/solutions/fibroTrainer/functions/node_modules/firebase-functions/lib/index.js"} {"metadata":{"emulator":{"name":"functions"},"function":{"name":"helloWorld"},"message":"[runtime-status] [10341] Resolved module firebase-functions {\"declared\":true,\"installed\":true,\"version\":\"3.13.2\",\"resolution\":\"/home/yashar/solutions/fibroTrainer/functions/node_modules/firebase-functions/lib/index.js\"}"}}
[debug] [2021-04-07T09:15:36.222Z] [runtime-status] [10341] Resolved module firebase-functions {"declared":true,"installed":true,"version":"3.13.2","resolution":"/home/yashar/solutions/fibroTrainer/functions/node_modules/firebase-functions/lib/index.js"} {"metadata":{"emulator":{"name":"functions"},"function":{"name":"helloWorld"},"message":"[runtime-status] [10341] Resolved module firebase-functions {\"declared\":true,\"installed\":true,\"version\":\"3.13.2\",\"resolution\":\"/home/yashar/solutions/fibroTrainer/functions/node_modules/firebase-functions/lib/index.js\"}"}}
[debug] [2021-04-07T09:15:36.227Z] [runtime-status] [10341] Outgoing network have been stubbed. [{"name":"http","status":"mocked"},{"name":"http","status":"mocked"},{"name":"https","status":"mocked"},{"name":"https","status":"mocked"},{"name":"net","status":"mocked"}] {"metadata":{"emulator":{"name":"functions"},"function":{"name":"helloWorld"},"message":"[runtime-status] [10341] Outgoing network have been stubbed. [{\"name\":\"http\",\"status\":\"mocked\"},{\"name\":\"http\",\"status\":\"mocked\"},{\"name\":\"https\",\"status\":\"mocked\"},{\"name\":\"https\",\"status\":\"mocked\"},{\"name\":\"net\",\"status\":\"mocked\"}]"}}
[debug] [2021-04-07T09:15:36.231Z] [runtime-status] [10341] Resolved module firebase-functions {"declared":true,"installed":true,"version":"3.13.2","resolution":"/home/yashar/solutions/fibroTrainer/functions/node_modules/firebase-functions/lib/index.js"} {"metadata":{"emulator":{"name":"functions"},"function":{"name":"helloWorld"},"message":"[runtime-status] [10341] Resolved module firebase-functions {\"declared\":true,\"installed\":true,\"version\":\"3.13.2\",\"resolution\":\"/home/yashar/solutions/fibroTrainer/functions/node_modules/firebase-functions/lib/index.js\"}"}}
[debug] [2021-04-07T09:15:36.289Z] [runtime-status] [10341] Checked functions.config() {"config":{}} {"metadata":{"emulator":{"name":"functions"},"function":{"name":"helloWorld"},"message":"[runtime-status] [10341] Checked functions.config() {\"config\":{}}"}}
[debug] [2021-04-07T09:15:36.292Z] [runtime-status] [10341] firebase-functions has been stubbed. {"functionsResolution":{"declared":true,"installed":true,"version":"3.13.2","resolution":"/home/yashar/solutions/fibroTrainer/functions/node_modules/firebase-functions/lib/index.js"}} {"metadata":{"emulator":{"name":"functions"},"function":{"name":"helloWorld"},"message":"[runtime-status] [10341] firebase-functions has been stubbed. {\"functionsResolution\":{\"declared\":true,\"installed\":true,\"version\":\"3.13.2\",\"resolution\":\"/home/yashar/solutions/fibroTrainer/functions/node_modules/firebase-functions/lib/index.js\"}}"}}
[debug] [2021-04-07T09:15:36.297Z] [runtime-status] [10341] Resolved module firebase-functions {"declared":true,"installed":true,"version":"3.13.2","resolution":"/home/yashar/solutions/fibroTrainer/functions/node_modules/firebase-functions/lib/index.js"} {"metadata":{"emulator":{"name":"functions"},"function":{"name":"helloWorld"},"message":"[runtime-status] [10341] Resolved module firebase-functions {\"declared\":true,\"installed\":true,\"version\":\"3.13.2\",\"resolution\":\"/home/yashar/solutions/fibroTrainer/functions/node_modules/firebase-functions/lib/index.js\"}"}}
[debug] [2021-04-07T09:15:36.298Z] [runtime-status] [10341] Resolved module firebase-admin {"declared":true,"installed":true,"version":"9.6.0","resolution":"/home/yashar/solutions/fibroTrainer/functions/node_modules/firebase-admin/lib/index.js"} {"metadata":{"emulator":{"name":"functions"},"function":{"name":"helloWorld"},"message":"[runtime-status] [10341] Resolved module firebase-admin {\"declared\":true,\"installed\":true,\"version\":\"9.6.0\",\"resolution\":\"/home/yashar/solutions/fibroTrainer/functions/node_modules/firebase-admin/lib/index.js\"}"}}
[debug] [2021-04-07T09:15:36.306Z] [runtime-status] [10341] Resolved module firebase-functions {"declared":true,"installed":true,"version":"3.13.2","resolution":"/home/yashar/solutions/fibroTrainer/functions/node_modules/firebase-functions/lib/index.js"} {"metadata":{"emulator":{"name":"functions"},"function":{"name":"helloWorld"},"message":"[runtime-status] [10341] Resolved module firebase-functions {\"declared\":true,\"installed\":true,\"version\":\"3.13.2\",\"resolution\":\"/home/yashar/solutions/fibroTrainer/functions/node_modules/firebase-functions/lib/index.js\"}"}}
[debug] [2021-04-07T09:15:36.311Z] [runtime-status] [10341] firebase-admin has been stubbed. {"adminResolution":{"declared":true,"installed":true,"version":"9.6.0","resolution":"/home/yashar/solutions/fibroTrainer/functions/node_modules/firebase-admin/lib/index.js"}} {"metadata":{"emulator":{"name":"functions"},"function":{"name":"helloWorld"},"message":"[runtime-status] [10341] firebase-admin has been stubbed. {\"adminResolution\":{\"declared\":true,\"installed\":true,\"version\":\"9.6.0\",\"resolution\":\"/home/yashar/solutions/fibroTrainer/functions/node_modules/firebase-admin/lib/index.js\"}}"}}
[debug] [2021-04-07T09:15:36.317Z] [runtime-status] [10341] Trigger "helloWorld" has been found, beginning invocation! {"metadata":{"emulator":{"name":"functions"},"function":{"name":"helloWorld"},"message":"[runtime-status] [10341] Trigger \"helloWorld\" has been found, beginning invocation!"}}
[info] i  functions: Beginning execution of "helloWorld" {"metadata":{"emulator":{"name":"functions"},"function":{"name":"helloWorld"},"message":"Beginning execution of \"helloWorld\""}}
[debug] [2021-04-07T09:15:36.318Z] [runtime-status] [10341] triggerDefinition {"httpsTrigger":{},"name":"helloWorld","entryPoint":"helloWorld"} {"metadata":{"emulator":{"name":"functions"},"function":{"name":"helloWorld"},"message":"[runtime-status] [10341] triggerDefinition {\"httpsTrigger\":{},\"name\":\"helloWorld\",\"entryPoint\":\"helloWorld\"}"}}
[debug] [2021-04-07T09:15:36.318Z] [runtime-status] [10341] Running helloWorld in mode HTTPS {"metadata":{"emulator":{"name":"functions"},"function":{"name":"helloWorld"},"message":"[runtime-status] [10341] Running helloWorld in mode HTTPS"}}
[debug] [2021-04-07T09:15:36.327Z] [runtime-status] [10341] Attempting to listen to socketPath: /tmp/fire_emu_10341.sock {"metadata":{"emulator":{"name":"functions"},"function":{"name":"helloWorld"},"message":"[runtime-status] [10341] Attempting to listen to socketPath: /tmp/fire_emu_10341.sock"}}
[debug] [2021-04-07T09:15:36.343Z] [functions] Runtime ready! Sending request! {"metadata":{"emulator":{"name":"functions"},"message":"[functions] Runtime ready! Sending request!"}}
[debug] [2021-04-07T09:15:36.347Z] [functions] Got req.url=/fibrotrainer/us-central1/helloWorld, mapping to path=/ {"metadata":{"emulator":{"name":"functions"},"message":"[functions] Got req.url=/fibrotrainer/us-central1/helloWorld, mapping to path=/"}}
[debug] [2021-04-07T09:15:36.402Z] [runtime-status] [10341] Ephemeral server handling GET request {"metadata":{"emulator":{"name":"functions"},"function":{"name":"helloWorld"},"message":"[runtime-status] [10341] Ephemeral server handling GET request"}}
[info] >  {"structuredData":true,"severity":"INFO","message":"Hello logs!"} {"user":{"structuredData":true,"severity":"INFO","message":"Hello logs!"},"metadata":{"emulator":{"name":"functions"},"function":{"name":"helloWorld"},"message":"\u001b[90m> \u001b[39m {\"structuredData\":true,\"severity\":\"INFO\",\"message\":\"Hello logs!\"}"}}
[debug] [2021-04-07T09:15:36.439Z] [runtime-status] [10341] Ephemeral server survived. {"metadata":{"emulator":{"name":"functions"},"function":{"name":"helloWorld"},"message":"[runtime-status] [10341] Ephemeral server survived."}}
[info] i  functions: Finished "helloWorld" in ~1s {"metadata":{"emulator":{"name":"functions"},"function":{"name":"helloWorld"},"message":"Finished \"helloWorld\" in ~1s"}}
[debug] [2021-04-07T09:15:36.452Z] [worker-helloWorld-a6dd42a1-1acc-413e-b045-50e324c72b88]: IDLE {"metadata":{"emulator":{"name":"functions"},"message":"[worker-helloWorld-a6dd42a1-1acc-413e-b045-50e324c72b88]: IDLE"}}
[debug] [2021-04-07T09:15:36.452Z] [work-queue] {"queueLength":0,"workRunningCount":0}
[debug] [2021-04-07T09:18:44.623Z] [work-queue] {"queueLength":1,"workRunningCount":0}
[debug] [2021-04-07T09:18:44.626Z] [work-queue] {"queueLength":0,"workRunningCount":1}
[debug] [2021-04-07T09:18:44.626Z] Accepted request GET /fibrotrainer/us-central1/helloWorld --> helloWorld
[debug] [2021-04-07T09:18:44.626Z] [worker-pool] submitWork(triggerId=helloWorld) {"metadata":{"emulator":{"name":"functions"},"message":"[worker-pool] submitWork(triggerId=helloWorld)"}}
[debug] [2021-04-07T09:18:44.626Z] [worker-helloWorld-a6dd42a1-1acc-413e-b045-50e324c72b88]: Assigning socketPath: /tmp/fire_emu_10341.sock {"metadata":{"emulator":{"name":"functions"},"message":"[worker-helloWorld-a6dd42a1-1acc-413e-b045-50e324c72b88]: Assigning socketPath: /tmp/fire_emu_10341.sock"}}
[debug] [2021-04-07T09:18:44.626Z] [worker-helloWorld-a6dd42a1-1acc-413e-b045-50e324c72b88]: BUSY {"metadata":{"emulator":{"name":"functions"},"message":"[worker-helloWorld-a6dd42a1-1acc-413e-b045-50e324c72b88]: BUSY"}}
[debug] [2021-04-07T09:18:44.636Z] [runtime-status] [10341] Trigger "helloWorld" has been found, beginning invocation! {"metadata":{"emulator":{"name":"functions"},"function":{"name":"helloWorld"},"message":"[runtime-status] [10341] Trigger \"helloWorld\" has been found, beginning invocation!"}}
[info] i  functions: Beginning execution of "helloWorld" {"metadata":{"emulator":{"name":"functions"},"function":{"name":"helloWorld"},"message":"Beginning execution of \"helloWorld\""}}
[debug] [2021-04-07T09:18:44.638Z] [runtime-status] [10341] triggerDefinition {"httpsTrigger":{},"name":"helloWorld","entryPoint":"helloWorld"} {"metadata":{"emulator":{"name":"functions"},"function":{"name":"helloWorld"},"message":"[runtime-status] [10341] triggerDefinition {\"httpsTrigger\":{},\"name\":\"helloWorld\",\"entryPoint\":\"helloWorld\"}"}}
[debug] [2021-04-07T09:18:44.638Z] [runtime-status] [10341] Running helloWorld in mode HTTPS {"metadata":{"emulator":{"name":"functions"},"function":{"name":"helloWorld"},"message":"[runtime-status] [10341] Running helloWorld in mode HTTPS"}}
[debug] [2021-04-07T09:18:44.638Z] [runtime-status] [10341] Attempting to listen to socketPath: /tmp/fire_emu_10341.sock {"metadata":{"emulator":{"name":"functions"},"function":{"name":"helloWorld"},"message":"[runtime-status] [10341] Attempting to listen to socketPath: /tmp/fire_emu_10341.sock"}}
[debug] [2021-04-07T09:18:44.642Z] [functions] Runtime ready! Sending request! {"metadata":{"emulator":{"name":"functions"},"message":"[functions] Runtime ready! Sending request!"}}
[debug] [2021-04-07T09:18:44.642Z] [functions] Got req.url=/fibrotrainer/us-central1/helloWorld, mapping to path=/ {"metadata":{"emulator":{"name":"functions"},"message":"[functions] Got req.url=/fibrotrainer/us-central1/helloWorld, mapping to path=/"}}
[debug] [2021-04-07T09:18:44.672Z] [runtime-status] [10341] Ephemeral server handling GET request {"metadata":{"emulator":{"name":"functions"},"function":{"name":"helloWorld"},"message":"[runtime-status] [10341] Ephemeral server handling GET request"}}
[debug] [2021-04-07T09:18:44.673Z] [runtime-status] [10341] Ephemeral server survived. {"metadata":{"emulator":{"name":"functions"},"function":{"name":"helloWorld"},"message":"[runtime-status] [10341] Ephemeral server survived."}}
[info] i  functions: Finished "helloWorld" in ~1s {"metadata":{"emulator":{"name":"functions"},"function":{"name":"helloWorld"},"message":"Finished \"helloWorld\" in ~1s"}}
[debug] [2021-04-07T09:18:44.681Z] [worker-helloWorld-a6dd42a1-1acc-413e-b045-50e324c72b88]: IDLE {"metadata":{"emulator":{"name":"functions"},"message":"[worker-helloWorld-a6dd42a1-1acc-413e-b045-50e324c72b88]: IDLE"}}
[debug] [2021-04-07T09:18:44.682Z] [work-queue] {"queueLength":0,"workRunningCount":0}
[info] >  {"structuredData":true,"severity":"INFO","message":"Hello logs!"} {"user":{"structuredData":true,"severity":"INFO","message":"Hello logs!"},"metadata":{"emulator":{"name":"functions"},"function":{"name":"helloWorld"},"message":"\u001b[90m> \u001b[39m {\"structuredData\":true,\"severity\":\"INFO\",\"message\":\"Hello logs!\"}"}}
[debug] [2021-04-07T09:18:49.893Z] [work-queue] {"queueLength":1,"workRunningCount":0}
[debug] [2021-04-07T09:18:49.896Z] [work-queue] {"queueLength":0,"workRunningCount":1}
[debug] [2021-04-07T09:18:49.896Z] Accepted request GET /fibrotrainer/us-central1/helloWorld --> helloWorld
[debug] [2021-04-07T09:18:49.896Z] [worker-pool] submitWork(triggerId=helloWorld) {"metadata":{"emulator":{"name":"functions"},"message":"[worker-pool] submitWork(triggerId=helloWorld)"}}
[debug] [2021-04-07T09:18:49.896Z] [worker-helloWorld-a6dd42a1-1acc-413e-b045-50e324c72b88]: Assigning socketPath: /tmp/fire_emu_10341.sock {"metadata":{"emulator":{"name":"functions"},"message":"[worker-helloWorld-a6dd42a1-1acc-413e-b045-50e324c72b88]: Assigning socketPath: /tmp/fire_emu_10341.sock"}}
[debug] [2021-04-07T09:18:49.896Z] [worker-helloWorld-a6dd42a1-1acc-413e-b045-50e324c72b88]: BUSY {"metadata":{"emulator":{"name":"functions"},"message":"[worker-helloWorld-a6dd42a1-1acc-413e-b045-50e324c72b88]: BUSY"}}
[debug] [2021-04-07T09:18:49.903Z] [runtime-status] [10341] Trigger "helloWorld" has been found, beginning invocation! {"metadata":{"emulator":{"name":"functions"},"function":{"name":"helloWorld"},"message":"[runtime-status] [10341] Trigger \"helloWorld\" has been found, beginning invocation!"}}
[info] i  functions: Beginning execution of "helloWorld" {"metadata":{"emulator":{"name":"functions"},"function":{"name":"helloWorld"},"message":"Beginning execution of \"helloWorld\""}}
[debug] [2021-04-07T09:18:49.906Z] [runtime-status] [10341] triggerDefinition {"httpsTrigger":{},"name":"helloWorld","entryPoint":"helloWorld"} {"metadata":{"emulator":{"name":"functions"},"function":{"name":"helloWorld"},"message":"[runtime-status] [10341] triggerDefinition {\"httpsTrigger\":{},\"name\":\"helloWorld\",\"entryPoint\":\"helloWorld\"}"}}
[debug] [2021-04-07T09:18:49.907Z] [runtime-status] [10341] Running helloWorld in mode HTTPS {"metadata":{"emulator":{"name":"functions"},"function":{"name":"helloWorld"},"message":"[runtime-status] [10341] Running helloWorld in mode HTTPS"}}
[debug] [2021-04-07T09:18:49.907Z] [runtime-status] [10341] Attempting to listen to socketPath: /tmp/fire_emu_10341.sock {"metadata":{"emulator":{"name":"functions"},"function":{"name":"helloWorld"},"message":"[runtime-status] [10341] Attempting to listen to socketPath: /tmp/fire_emu_10341.sock"}}
[debug] [2021-04-07T09:18:49.909Z] [functions] Runtime ready! Sending request! {"metadata":{"emulator":{"name":"functions"},"message":"[functions] Runtime ready! Sending request!"}}
[debug] [2021-04-07T09:18:49.909Z] [functions] Got req.url=/fibrotrainer/us-central1/helloWorld, mapping to path=/ {"metadata":{"emulator":{"name":"functions"},"message":"[functions] Got req.url=/fibrotrainer/us-central1/helloWorld, mapping to path=/"}}
[debug] [2021-04-07T09:18:49.937Z] [runtime-status] [10341] Ephemeral server handling GET request {"metadata":{"emulator":{"name":"functions"},"function":{"name":"helloWorld"},"message":"[runtime-status] [10341] Ephemeral server handling GET request"}}
[debug] [2021-04-07T09:18:49.947Z] [runtime-status] [10341] Ephemeral server survived. {"metadata":{"emulator":{"name":"functions"},"function":{"name":"helloWorld"},"message":"[runtime-status] [10341] Ephemeral server survived."}}
[info] i  functions: Finished "helloWorld" in ~1s {"metadata":{"emulator":{"name":"functions"},"function":{"name":"helloWorld"},"message":"Finished \"helloWorld\" in ~1s"}}
[debug] [2021-04-07T09:18:49.948Z] [worker-helloWorld-a6dd42a1-1acc-413e-b045-50e324c72b88]: IDLE {"metadata":{"emulator":{"name":"functions"},"message":"[worker-helloWorld-a6dd42a1-1acc-413e-b045-50e324c72b88]: IDLE"}}
[debug] [2021-04-07T09:18:49.948Z] [work-queue] {"queueLength":0,"workRunningCount":0}
[info] >  {"structuredData":true,"severity":"INFO","message":"Hello logs!"} {"user":{"structuredData":true,"severity":"INFO","message":"Hello logs!"},"metadata":{"emulator":{"name":"functions"},"function":{"name":"helloWorld"},"message":"\u001b[90m> \u001b[39m {\"structuredData\":true,\"severity\":\"INFO\",\"message\":\"Hello logs!\"}"}}
